c:\users\bruno\riderprojects\playing-with-open-gl\opengl-basico\debug\vc143.pdb
c:\users\bruno\riderprojects\playing-with-open-gl\opengl-basico\debug\vc143.idb
c:\users\bruno\riderprojects\playing-with-open-gl\opengl-basico\debug\renderer.obj
c:\users\bruno\riderprojects\playing-with-open-gl\opengl-basico\debug\clock.obj
c:\users\bruno\riderprojects\playing-with-open-gl\opengl-basico\debug\texture.obj
c:\users\bruno\riderprojects\playing-with-open-gl\opengl-basico\debug\vertex.obj
c:\users\bruno\riderprojects\playing-with-open-gl\opengl-basico\debug\model_loader.obj
c:\users\bruno\riderprojects\playing-with-open-gl\opengl-basico\debug\vector3.obj
c:\users\bruno\riderprojects\playing-with-open-gl\opengl-basico\debug\vector2.obj
c:\users\bruno\riderprojects\playing-with-open-gl\opengl-basico\debug\triangle.obj
c:\users\bruno\riderprojects\playing-with-open-gl\opengl-basico\debug\square.obj
c:\users\bruno\riderprojects\playing-with-open-gl\opengl-basico\debug\grid.obj
c:\users\bruno\riderprojects\playing-with-open-gl\opengl-basico\debug\cube.obj
c:\users\bruno\riderprojects\playing-with-open-gl\opengl-basico\debug\player.obj
c:\users\bruno\riderprojects\playing-with-open-gl\opengl-basico\debug\entity.obj
c:\users\bruno\riderprojects\playing-with-open-gl\opengl-basico\debug\main.obj
c:\users\bruno\riderprojects\playing-with-open-gl\opengl-basico\debug\texture_loader.obj
c:\users\bruno\riderprojects\playing-with-open-gl\opengl-basico\debug\perspective_camera.obj
c:\users\bruno\riderprojects\playing-with-open-gl\opengl-basico\debug\first_person_camera.obj
c:\users\bruno\riderprojects\playing-with-open-gl\opengl-basico\debug\top_down_camera.obj
c:\users\bruno\riderprojects\playing-with-open-gl\opengl-basico\debug\camera_handler.obj
c:\users\bruno\riderprojects\playing-with-open-gl\debug\opengl-basico.exe
c:\users\bruno\riderprojects\playing-with-open-gl\debug\opengl-basico.pdb
c:\users\administrador\riderprojects\playing-with-open-gl\debug\opengl-basico.pdb
c:\users\administrador\riderprojects\playing-with-open-gl\opengl-basico\debug\opengl-basico.tlog\cl.command.1.tlog
c:\users\administrador\riderprojects\playing-with-open-gl\opengl-basico\debug\opengl-basico.tlog\cl.items.tlog
c:\users\administrador\riderprojects\playing-with-open-gl\opengl-basico\debug\opengl-basico.tlog\cl.read.1.tlog
c:\users\administrador\riderprojects\playing-with-open-gl\opengl-basico\debug\opengl-basico.tlog\cl.write.1.tlog
c:\users\administrador\riderprojects\playing-with-open-gl\opengl-basico\debug\opengl-basico.tlog\link.command.1.tlog
c:\users\administrador\riderprojects\playing-with-open-gl\opengl-basico\debug\opengl-basico.tlog\link.read.1.tlog
c:\users\administrador\riderprojects\playing-with-open-gl\opengl-basico\debug\opengl-basico.tlog\link.secondary.1.tlog
c:\users\administrador\riderprojects\playing-with-open-gl\opengl-basico\debug\opengl-basico.tlog\link.write.1.tlog
